<?xml version="1.0" encoding="UTF-8"?>
<!-- Generated by org.testng.reporters.JUnitReportReporter -->
<testsuite skipped="0" hostname="Abrahams-MacBook-Air.local" name="TestCases.GtplBankLoginAutomation" tests="1" failures="0" timestamp="18 Apr 2019 19:41:19 GMT" time="2.150" errors="0">
  <testcase name="login" time="2.150" classname="TestCases.GtplBankLoginAutomation"/>
</testsuite> <!-- TestCases.GtplBankLoginAutomation -->
