<?xml version="1.0" encoding="UTF-8"?>
<!-- Generated by org.testng.reporters.JUnitReportReporter -->
<testsuite skipped="0" hostname="Abrahams-MacBook-Air.local" name="TestCases.GtplBankNewCastomerAutomation" tests="1" failures="0" timestamp="18 Apr 2019 19:40:02 GMT" time="2.762" errors="0">
  <testcase name="NewCustomer" time="2.762" classname="TestCases.GtplBankNewCastomerAutomation"/>
</testsuite> <!-- TestCases.GtplBankNewCastomerAutomation -->
